# JRE version: OpenJDK Runtime Environment Corretto-21.0.6.7.1 (21.0.6+7) (build 21.0.6+7-LTS)
# Java VM: OpenJDK 64-Bit Server VM Corretto-21.0.6.7.1 (21.0.6+7-LTS, mixed mode, sharing, tiered, compressed oops, compressed class ptrs, g1 gc, windows-amd64)
GC Precious Log:
 CardTable entry size: 512
 Card Set container configuration: InlinePtr #cards 5 size 8 Array Of Cards #cards 12 size 40 Howl #buckets 4 coarsen threshold 1843 Howl Bitmap #cards 512 size 80 coarsen threshold 460 Card regions per heap region 1 cards per card region 2048
 CPUs: 8 total, 8 available
 Memory: 7932M
 Large Page Support: Disabled
 NUMA Support: Disabled
 Compressed Oops: Enabled (32-bit)
 Heap Region Size: 1M
 Heap Min Capacity: 256M
 Heap Initial Capacity: 256M
 Heap Max Capacity: 512M
 Pre-touch: Disabled
 Parallel Workers: 8
 Concurrent Workers: 2
 Concurrent Refinement Workers: 8
 Periodic GC: Disabled
Heap:
 garbage-first heap   total 262144K, used 193763K [0x00000000e0000000, 0x0000000100000000)
  region size 1024K, 128 young (131072K), 7 survivors (7168K)
 Metaspace       used 78713K, committed 80960K, reserved 458752K
  class space    used 10940K, committed 12032K, reserved 327680K
GC Heap History (20 events):
Event: 42.333 GC heap before
{Heap before GC invocations=2 (full 0):
 garbage-first heap   total 262144K, used 60286K [0x00000000e0000000, 0x0000000100000000)
  region size 1024K, 51 young (52224K), 5 survivors (5120K)
 Metaspace       used 5441K, committed 5696K, reserved 393216K
  class space    used 715K, committed 832K, reserved 327680K
}
Event: 42.338 GC heap after
{Heap after GC invocations=3 (full 0):
 garbage-first heap   total 262144K, used 17152K [0x00000000e0000000, 0x0000000100000000)
  region size 1024K, 5 young (5120K), 5 survivors (5120K)
 Metaspace       used 5441K, committed 5696K, reserved 393216K
  class space    used 715K, committed 832K, reserved 327680K
}
Event: 45.112 GC heap before
{Heap before GC invocations=3 (full 0):
 garbage-first heap   total 262144K, used 107264K [0x00000000e0000000, 0x0000000100000000)
  region size 1024K, 94 young (96256K), 5 survivors (5120K)
 Metaspace       used 20872K, committed 21504K, reserved 393216K
  class space    used 2999K, committed 3328K, reserved 327680K
}
Event: 45.129 GC heap after
{Heap after GC invocations=4 (full 0):
 garbage-first heap   total 262144K, used 24640K [0x00000000e0000000, 0x0000000100000000)
  region size 1024K, 13 young (13312K), 13 survivors (13312K)
 Metaspace       used 20872K, committed 21504K, reserved 393216K
  class space    used 2999K, committed 3328K, reserved 327680K
}
Event: 47.516 GC heap before
{Heap before GC invocations=5 (full 0):
 garbage-first heap   total 262144K, used 133184K [0x00000000e0000000, 0x0000000100000000)
  region size 1024K, 116 young (118784K), 13 survivors (13312K)
 Metaspace       used 34899K, committed 35968K, reserved 393216K
  class space    used 4797K, committed 5312K, reserved 327680K
}
Event: 47.533 GC heap after
{Heap after GC invocations=6 (full 0):
 garbage-first heap   total 262144K, used 32838K [0x00000000e0000000, 0x0000000100000000)
  region size 1024K, 16 young (16384K), 16 survivors (16384K)
 Metaspace       used 34899K, committed 35968K, reserved 393216K
  class space    used 4797K, committed 5312K, reserved 327680K
}
Event: 47.592 GC heap before
{Heap before GC invocations=6 (full 0):
 garbage-first heap   total 262144K, used 34886K [0x00000000e0000000, 0x0000000100000000)
  region size 1024K, 19 young (19456K), 16 survivors (16384K)
 Metaspace       used 35251K, committed 36288K, reserved 393216K
  class space    used 4855K, committed 5376K, reserved 327680K
}
Event: 47.603 GC heap after
{Heap after GC invocations=7 (full 0):
 garbage-first heap   total 262144K, used 32653K [0x00000000e0000000, 0x0000000100000000)
  region size 1024K, 9 young (9216K), 9 survivors (9216K)
 Metaspace       used 35251K, committed 36288K, reserved 393216K
  class space    used 4855K, committed 5376K, reserved 327680K
}
Event: 47.636 GC heap before
{Heap before GC invocations=7 (full 0):
 garbage-first heap   total 262144K, used 34701K [0x00000000e0000000, 0x0000000100000000)
  region size 1024K, 12 young (12288K), 9 survivors (9216K)
 Metaspace       used 35572K, committed 36608K, reserved 393216K
  class space    used 4923K, committed 5440K, reserved 327680K
}
Event: 47.642 GC heap after
{Heap after GC invocations=8 (full 0):
 garbage-first heap   total 262144K, used 32688K [0x00000000e0000000, 0x0000000100000000)
  region size 1024K, 9 young (9216K), 9 survivors (9216K)
 Metaspace       used 35572K, committed 36608K, reserved 393216K
  class space    used 4923K, committed 5440K, reserved 327680K
}
Event: 49.777 GC heap before
{Heap before GC invocations=9 (full 0):
 garbage-first heap   total 262144K, used 179120K [0x00000000e0000000, 0x0000000100000000)
  region size 1024K, 153 young (156672K), 9 survivors (9216K)
 Metaspace       used 38178K, committed 39232K, reserved 393216K
  class space    used 5327K, committed 5824K, reserved 327680K
}
Event: 49.808 GC heap after
{Heap after GC invocations=10 (full 0):
 garbage-first heap   total 262144K, used 41439K [0x00000000e0000000, 0x0000000100000000)
  region size 1024K, 18 young (18432K), 18 survivors (18432K)
 Metaspace       used 38178K, committed 39232K, reserved 393216K
  class space    used 5327K, committed 5824K, reserved 327680K
}
Event: 53.582 GC heap before
{Heap before GC invocations=10 (full 0):
 garbage-first heap   total 262144K, used 179679K [0x00000000e0000000, 0x0000000100000000)
  region size 1024K, 153 young (156672K), 18 survivors (18432K)
 Metaspace       used 45744K, committed 47040K, reserved 393216K
  class space    used 6290K, committed 6976K, reserved 327680K
}
Event: 53.605 GC heap after
{Heap after GC invocations=11 (full 0):
 garbage-first heap   total 262144K, used 48051K [0x00000000e0000000, 0x0000000100000000)
  region size 1024K, 16 young (16384K), 16 survivors (16384K)
 Metaspace       used 45744K, committed 47040K, reserved 393216K
  class space    used 6290K, committed 6976K, reserved 327680K
}
Event: 55.791 GC heap before
{Heap before GC invocations=11 (full 0):
 garbage-first heap   total 262144K, used 146355K [0x00000000e0000000, 0x0000000100000000)
  region size 1024K, 112 young (114688K), 16 survivors (16384K)
 Metaspace       used 60036K, committed 61696K, reserved 393216K
  class space    used 8280K, committed 9088K, reserved 327680K
}
Event: 55.814 GC heap after
{Heap after GC invocations=12 (full 0):
 garbage-first heap   total 262144K, used 54272K [0x00000000e0000000, 0x0000000100000000)
  region size 1024K, 14 young (14336K), 14 survivors (14336K)
 Metaspace       used 60036K, committed 61696K, reserved 393216K
  class space    used 8280K, committed 9088K, reserved 327680K
}
Event: 62.388 GC heap before
{Heap before GC invocations=13 (full 0):
 garbage-first heap   total 262144K, used 195584K [0x00000000e0000000, 0x0000000100000000)
  region size 1024K, 153 young (156672K), 14 survivors (14336K)
 Metaspace       used 70596K, committed 72576K, reserved 393216K
  class space    used 9912K, committed 10880K, reserved 327680K
}
Event: 62.409 GC heap after
{Heap after GC invocations=14 (full 0):
 garbage-first heap   total 262144K, used 66244K [0x00000000e0000000, 0x0000000100000000)
  region size 1024K, 18 young (18432K), 18 survivors (18432K)
 Metaspace       used 70596K, committed 72576K, reserved 393216K
  class space    used 9912K, committed 10880K, reserved 327680K
}
Event: 71.222 GC heap before
{Heap before GC invocations=14 (full 0):
 garbage-first heap   total 262144K, used 203460K [0x00000000e0000000, 0x0000000100000000)
  region size 1024K, 153 young (156672K), 18 survivors (18432K)
 Metaspace       used 74609K, committed 76736K, reserved 458752K
  class space    used 10298K, committed 11328K, reserved 327680K
}
Event: 71.244 GC heap after
{Heap after GC invocations=15 (full 0):
 garbage-first heap   total 262144K, used 71907K [0x00000000e0000000, 0x0000000100000000)
  region size 1024K, 7 young (7168K), 7 survivors (7168K)
 Metaspace       used 74609K, committed 76736K, reserved 458752K
  class space    used 10298K, committed 11328K, reserved 327680K
}

